{"/app/backend/app.js": {"path":"/app/backend/app.js","statementMap":{"0":{"start":{"line":1,"column":16},"end":{"line":1,"column":34}},"1":{"start":{"line":2,"column":13},"end":{"line":2,"column":28}},"2":{"start":{"line":3,"column":19},"end":{"line":3,"column":50}},"3":{"start":{"line":4,"column":15},"end":{"line":4,"column":34}},"4":{"start":{"line":6,"column":12},"end":{"line":6,"column":21}},"5":{"start":{"line":9,"column":0},"end":{"line":9,"column":24}},"6":{"start":{"line":10,"column":0},"end":{"line":10,"column":46}},"7":{"start":{"line":13,"column":0},"end":{"line":13,"column":33}},"8":{"start":{"line":15,"column":0},"end":{"line":15,"column":21}}},"fnMap":{},"branchMap":{},"s":{"0":1,"1":1,"2":1,"3":1,"4":1,"5":1,"6":1,"7":1,"8":1},"f":{},"b":{},"_coverageSchema":"1a1c01bbd47fc00a2c39e90264f33305004495a9","hash":"c0e70abcc0a660b2186ac84582539a37bda1d048"}
,"/app/backend/config.js": {"path":"/app/backend/config.js","statementMap":{"0":{"start":{"line":4,"column":0},"end":{"line":82,"column":2}}},"fnMap":{},"branchMap":{"0":{"loc":{"start":{"line":6,"column":8},"end":{"line":6,"column":32}},"type":"binary-expr","locations":[{"start":{"line":6,"column":8},"end":{"line":6,"column":24}},{"start":{"line":6,"column":28},"end":{"line":6,"column":32}}],"line":6},"1":{"loc":{"start":{"line":7,"column":12},"end":{"line":7,"column":49}},"type":"binary-expr","locations":[{"start":{"line":7,"column":12},"end":{"line":7,"column":32}},{"start":{"line":7,"column":36},"end":{"line":7,"column":49}}],"line":7},"2":{"loc":{"start":{"line":10,"column":15},"end":{"line":10,"column":79}},"type":"binary-expr","locations":[{"start":{"line":10,"column":15},"end":{"line":10,"column":38}},{"start":{"line":10,"column":42},"end":{"line":10,"column":79}}],"line":10},"3":{"loc":{"start":{"line":11,"column":11},"end":{"line":11,"column":51}},"type":"binary-expr","locations":[{"start":{"line":11,"column":11},"end":{"line":11,"column":36}},{"start":{"line":11,"column":40},"end":{"line":11,"column":51}}],"line":11},"4":{"loc":{"start":{"line":14,"column":14},"end":{"line":14,"column":110}},"type":"binary-expr","locations":[{"start":{"line":14,"column":14},"end":{"line":14,"column":36}},{"start":{"line":14,"column":40},"end":{"line":14,"column":110}}],"line":14},"5":{"loc":{"start":{"line":40,"column":17},"end":{"line":40,"column":53}},"type":"binary-expr","locations":[{"start":{"line":40,"column":17},"end":{"line":40,"column":42}},{"start":{"line":40,"column":46},"end":{"line":40,"column":53}}],"line":40}},"s":{"0":1},"f":{},"b":{"0":[1,1],"1":[1,0],"2":[1,1],"3":[1,1],"4":[1,1],"5":[1,1]},"_coverageSchema":"1a1c01bbd47fc00a2c39e90264f33305004495a9","hash":"215d5b5c76ff8abe428f42b36cc139cceeef1284"}
,"/app/backend/models/User.js": {"path":"/app/backend/models/User.js","statementMap":{"0":{"start":{"line":1,"column":17},"end":{"line":1,"column":36}},"1":{"start":{"line":3,"column":19},"end":{"line":29,"column":2}},"2":{"start":{"line":31,"column":0},"end":{"line":31,"column":52}}},"fnMap":{},"branchMap":{},"s":{"0":1,"1":1,"2":1},"f":{},"b":{},"_coverageSchema":"1a1c01bbd47fc00a2c39e90264f33305004495a9","hash":"1f69aca8d60891bfee320a2cf27338f5ea6946bc"}
,"/app/backend/routes/auth.routes.js": {"path":"/app/backend/routes/auth.routes.js","statementMap":{"0":{"start":{"line":1,"column":16},"end":{"line":1,"column":34}},"1":{"start":{"line":2,"column":15},"end":{"line":2,"column":31}},"2":{"start":{"line":3,"column":15},"end":{"line":3,"column":34}},"3":{"start":{"line":4,"column":12},"end":{"line":4,"column":35}},"4":{"start":{"line":5,"column":13},"end":{"line":5,"column":38}},"5":{"start":{"line":6,"column":15},"end":{"line":6,"column":35}},"6":{"start":{"line":11,"column":0},"end":{"line":58,"column":3}},"7":{"start":{"line":12,"column":36},"end":{"line":12,"column":44}},"8":{"start":{"line":14,"column":2},"end":{"line":57,"column":3}},"9":{"start":{"line":15,"column":15},"end":{"line":15,"column":44}},"10":{"start":{"line":17,"column":4},"end":{"line":19,"column":5}},"11":{"start":{"line":18,"column":6},"end":{"line":18,"column":66}},"12":{"start":{"line":21,"column":4},"end":{"line":25,"column":7}},"13":{"start":{"line":27,"column":17},"end":{"line":27,"column":19}},"14":{"start":{"line":28,"column":4},"end":{"line":28,"column":54}},"15":{"start":{"line":30,"column":4},"end":{"line":30,"column":22}},"16":{"start":{"line":32,"column":20},"end":{"line":36,"column":5}},"17":{"start":{"line":38,"column":18},"end":{"line":42,"column":5}},"18":{"start":{"line":44,"column":4},"end":{"line":52,"column":7}},"19":{"start":{"line":55,"column":4},"end":{"line":55,"column":31}},"20":{"start":{"line":56,"column":4},"end":{"line":56,"column":41}},"21":{"start":{"line":63,"column":0},"end":{"line":97,"column":3}},"22":{"start":{"line":64,"column":30},"end":{"line":64,"column":38}},"23":{"start":{"line":66,"column":2},"end":{"line":96,"column":3}},"24":{"start":{"line":67,"column":17},"end":{"line":67,"column":66}},"25":{"start":{"line":69,"column":4},"end":{"line":71,"column":5}},"26":{"start":{"line":70,"column":6},"end":{"line":70,"column":66}},"27":{"start":{"line":73,"column":20},"end":{"line":73,"column":65}},"28":{"start":{"line":75,"column":4},"end":{"line":77,"column":5}},"29":{"start":{"line":76,"column":6},"end":{"line":76,"column":66}},"30":{"start":{"line":79,"column":20},"end":{"line":83,"column":5}},"31":{"start":{"line":85,"column":18},"end":{"line":89,"column":5}},"32":{"start":{"line":91,"column":4},"end":{"line":91,"column":36}},"33":{"start":{"line":94,"column":4},"end":{"line":94,"column":31}},"34":{"start":{"line":95,"column":4},"end":{"line":95,"column":41}},"35":{"start":{"line":99,"column":0},"end":{"line":99,"column":24}}},"fnMap":{"0":{"name":"(anonymous_0)","decl":{"start":{"line":11,"column":25},"end":{"line":11,"column":26}},"loc":{"start":{"line":11,"column":45},"end":{"line":58,"column":1}},"line":11},"1":{"name":"(anonymous_1)","decl":{"start":{"line":63,"column":22},"end":{"line":63,"column":23}},"loc":{"start":{"line":63,"column":42},"end":{"line":97,"column":1}},"line":63}},"branchMap":{"0":{"loc":{"start":{"line":17,"column":4},"end":{"line":19,"column":5}},"type":"if","locations":[{"start":{"line":17,"column":4},"end":{"line":19,"column":5}},{"start":{},"end":{}}],"line":17},"1":{"loc":{"start":{"line":69,"column":4},"end":{"line":71,"column":5}},"type":"if","locations":[{"start":{"line":69,"column":4},"end":{"line":71,"column":5}},{"start":{},"end":{}}],"line":69},"2":{"loc":{"start":{"line":75,"column":4},"end":{"line":77,"column":5}},"type":"if","locations":[{"start":{"line":75,"column":4},"end":{"line":77,"column":5}},{"start":{},"end":{}}],"line":75}},"s":{"0":1,"1":1,"2":1,"3":1,"4":1,"5":1,"6":1,"7":2,"8":2,"9":2,"10":2,"11":1,"12":1,"13":1,"14":1,"15":1,"16":1,"17":1,"18":1,"19":0,"20":0,"21":1,"22":3,"23":3,"24":3,"25":3,"26":1,"27":2,"28":2,"29":1,"30":1,"31":1,"32":1,"33":0,"34":0,"35":1},"f":{"0":2,"1":3},"b":{"0":[1,1],"1":[1,2],"2":[1,1]},"_coverageSchema":"1a1c01bbd47fc00a2c39e90264f33305004495a9","hash":"f3e862d142bee8d12315815a6c4a53cf8dcbcdf6"}
}
