TN:
SF:app.js
FNF:0
FNH:0
DA:1,1
DA:2,1
DA:3,1
DA:4,1
DA:6,1
DA:9,1
DA:10,1
DA:13,1
DA:15,1
LF:9
LH:9
BRF:0
BRH:0
end_of_record
TN:
SF:config.js
FNF:0
FNH:0
DA:4,1
LF:1
LH:1
BRDA:6,0,0,1
BRDA:6,0,1,1
BRDA:7,1,0,1
BRDA:7,1,1,0
BRDA:10,2,0,1
BRDA:10,2,1,1
BRDA:11,3,0,1
BRDA:11,3,1,1
BRDA:14,4,0,1
BRDA:14,4,1,1
BRDA:40,5,0,1
BRDA:40,5,1,1
BRF:12
BRH:11
end_of_record
TN:
SF:models/User.js
FNF:0
FNH:0
DA:1,1
DA:3,1
DA:31,1
LF:3
LH:3
BRF:0
BRH:0
end_of_record
TN:
SF:routes/auth.routes.js
FN:11,(anonymous_0)
FN:63,(anonymous_1)
FNF:2
FNH:2
FNDA:2,(anonymous_0)
FNDA:3,(anonymous_1)
DA:1,1
DA:2,1
DA:3,1
DA:4,1
DA:5,1
DA:6,1
DA:11,1
DA:12,2
DA:14,2
DA:15,2
DA:17,2
DA:18,1
DA:21,1
DA:27,1
DA:28,1
DA:30,1
DA:32,1
DA:38,1
DA:44,1
DA:55,0
DA:56,0
DA:63,1
DA:64,3
DA:66,3
DA:67,3
DA:69,3
DA:70,1
DA:73,2
DA:75,2
DA:76,1
DA:79,1
DA:85,1
DA:91,1
DA:94,0
DA:95,0
DA:99,1
LF:36
LH:32
BRDA:17,0,0,1
BRDA:17,0,1,1
BRDA:69,1,0,1
BRDA:69,1,1,2
BRDA:75,2,0,1
BRDA:75,2,1,1
BRF:6
BRH:6
end_of_record
